<?xml version="1.0" encoding="UTF-8"?>
<!-- Generated by org.testng.reporters.JUnitReportReporter -->
<testsuite hostname="LAPTOP-5QGPLEU9" failures="0" tests="1" name="homepage.Test4" time="13.225" errors="0" timestamp="2022-05-25T10:12:11 EDT" skipped="0">
  <testcase classname="homepage.Test4" name="arrivalsImagesDescription" time="13.225"/>
  <system-out/>
</testsuite> <!-- homepage.Test4 -->
