<?xml version="1.0" encoding="UTF-8"?>
<!-- Generated by org.testng.reporters.JUnitReportReporter -->
<testsuite hostname="LAPTOP-5QGPLEU9" failures="0" tests="8" name="TestCases.MyAccountLogIn" time="6.151" errors="0" timestamp="2022-05-30T17:31:13 EDT" skipped="7">
  <testcase classname="TestCases.MyAccountLogIn" name="test8" time="6.151"/>
  <system-out/>
  <testcase classname="TestCases.MyAccountLogIn" name="test3">
    <skipped/>
  </testcase> <!-- test3 -->
  <system-out/>
  <testcase classname="TestCases.MyAccountLogIn" name="test6">
    <skipped/>
  </testcase> <!-- test6 -->
  <system-out/>
  <testcase classname="TestCases.MyAccountLogIn" name="test4">
    <skipped/>
  </testcase> <!-- test4 -->
  <system-out/>
  <testcase classname="TestCases.MyAccountLogIn" name="test2">
    <skipped/>
  </testcase> <!-- test2 -->
  <system-out/>
  <testcase classname="TestCases.MyAccountLogIn" name="test5">
    <skipped/>
  </testcase> <!-- test5 -->
  <system-out/>
  <testcase classname="TestCases.MyAccountLogIn" name="test1">
    <skipped/>
  </testcase> <!-- test1 -->
  <system-out/>
  <testcase classname="TestCases.MyAccountLogIn" name="test7">
    <skipped/>
  </testcase> <!-- test7 -->
  <system-out/>
</testsuite> <!-- TestCases.MyAccountLogIn -->
