<?xml version="1.0" encoding="UTF-8"?>
<!-- Generated by org.testng.reporters.JUnitReportReporter -->
<testsuite hostname="LAPTOP-5QGPLEU9" failures="0" tests="1" name="homepage.Test11" time="14.939" errors="0" timestamp="2022-05-26T12:59:37 EDT" skipped="0">
  <testcase classname="homepage.Test11" name="arrivalsImagesReviews" time="14.939"/>
  <system-out/>
</testsuite> <!-- homepage.Test11 -->
