<?xml version="1.0" encoding="UTF-8"?>
<!-- Generated by org.testng.reporters.JUnitReportReporter -->
<testsuite hostname="LAPTOP-5QGPLEU9" failures="0" tests="1" name="homepage.Test14" time="9.567" errors="0" timestamp="2022-05-30T09:22:12 EDT" skipped="0">
  <testcase classname="homepage.Test14" name="arrivalsImagesReviews" time="9.567"/>
  <system-out/>
</testsuite> <!-- homepage.Test14 -->
