<?xml version="1.0" encoding="UTF-8"?>
<!-- Generated by org.testng.reporters.JUnitReportReporter -->
<testsuite hostname="LAPTOP-5QGPLEU9" failures="0" tests="1" name="homepage.Test9" time="10.729" errors="0" timestamp="2022-05-26T12:23:26 EDT" skipped="0">
  <testcase classname="homepage.Test9" name="arrivalsImagesReviews" time="10.729"/>
  <system-out/>
</testsuite> <!-- homepage.Test9 -->
