<?xml version="1.0" encoding="UTF-8"?>
<!-- Generated by org.testng.reporters.JUnitReportReporter -->
<testsuite hostname="LAPTOP-5QGPLEU9" failures="0" tests="1" name="homepage.Test6" time="22.986" errors="0" timestamp="2022-05-26T11:25:53 EDT" skipped="0">
  <testcase classname="homepage.Test6" name="arrivalsImagesReviews" time="22.986"/>
  <system-out/>
</testsuite> <!-- homepage.Test6 -->
