<?xml version="1.0" encoding="UTF-8"?>
<!-- Generated by org.testng.reporters.JUnitReportReporter -->
<testsuite hostname="LAPTOP-5QGPLEU9" failures="0" tests="1" name="homepage.Test8" time="19.758" errors="0" timestamp="2022-05-26T11:39:02 EDT" skipped="0">
  <testcase classname="homepage.Test8" name="arrivalsImagesReviews" time="19.758"/>
  <system-out/>
</testsuite> <!-- homepage.Test8 -->
