<?xml version="1.0" encoding="UTF-8"?>
<!-- Generated by org.testng.reporters.JUnitReportReporter -->
<testsuite hostname="LAPTOP-5QGPLEU9" failures="0" tests="2" name="TestCases.MyAccountRegistration" time="2.620" errors="0" timestamp="2022-05-30T18:19:51 EDT" skipped="1">
  <testcase classname="TestCases.MyAccountRegistration" name="test2" time="2.620"/>
  <system-out/>
  <testcase classname="TestCases.MyAccountRegistration" name="test1">
    <skipped/>
  </testcase> <!-- test1 -->
  <system-out/>
</testsuite> <!-- TestCases.MyAccountRegistration -->
