<?xml version="1.0" encoding="UTF-8"?>
<!-- Generated by org.testng.reporters.JUnitReportReporter -->
<testsuite hostname="LAPTOP-5QGPLEU9" failures="0" tests="1" name="homepage.Test10" time="10.357" errors="0" timestamp="2022-05-26T12:42:31 EDT" skipped="0">
  <testcase classname="homepage.Test10" name="arrivalsImagesReviews" time="10.357"/>
  <system-out/>
</testsuite> <!-- homepage.Test10 -->
