<?xml version="1.0" encoding="UTF-8"?>
<!-- Generated by org.testng.reporters.JUnitReportReporter -->
<testsuite hostname="LAPTOP-5QGPLEU9" failures="0" tests="1" name="homepage.Test7" time="10.031" errors="0" timestamp="2022-05-26T15:17:46 EDT" skipped="0">
  <testcase classname="homepage.Test7" name="arrivalsImagesReviews" time="10.031"/>
  <system-out/>
</testsuite> <!-- homepage.Test7 -->
