<?xml version="1.0" encoding="UTF-8"?>
<!-- Generated by org.testng.reporters.JUnitReportReporter -->
<testsuite hostname="LAPTOP-5QGPLEU9" failures="0" tests="1" name="homepage.Test18" time="22.453" errors="0" timestamp="2022-05-30T15:01:26 EDT" skipped="0">
  <testcase classname="homepage.Test18" name="arrivalsImagesReviews" time="22.453"/>
  <system-out/>
</testsuite> <!-- homepage.Test18 -->
