<?xml version="1.0" encoding="UTF-8"?>
<!-- Generated by org.testng.reporters.JUnitReportReporter -->
<testsuite hostname="LAPTOP-5QGPLEU9" failures="0" tests="1" name="TestNGTest" time="1.793" errors="0" timestamp="2022-05-25T12:27:42 EDT" skipped="0">
  <testcase classname="TestNGTest" name="doSomething" time="1.793"/>
  <system-out/>
</testsuite> <!-- TestNGTest -->
