<?xml version="1.0" encoding="UTF-8"?>
<!-- Generated by org.testng.reporters.JUnitReportReporter -->
<testsuite hostname="LAPTOP-5QGPLEU9" failures="0" tests="1" name="homepage.Test16" time="10.672" errors="0" timestamp="2022-05-30T10:43:32 EDT" skipped="0">
  <testcase classname="homepage.Test16" name="arrivalsImagesReviews" time="10.672"/>
  <system-out/>
</testsuite> <!-- homepage.Test16 -->
