<?xml version="1.0" encoding="UTF-8"?>
<!-- Generated by org.testng.reporters.JUnitReportReporter -->
<testsuite hostname="LAPTOP-5QGPLEU9" failures="0" tests="18" name="TestCases.HomePageTest" time="33.619" errors="0" timestamp="2022-05-30T20:59:50 EDT" skipped="17">
  <testcase classname="TestCases.HomePageTest" name="test18" time="33.619"/>
  <system-out/>
  <testcase classname="TestCases.HomePageTest" name="test6">
    <skipped/>
  </testcase> <!-- test6 -->
  <system-out/>
  <testcase classname="TestCases.HomePageTest" name="test9">
    <skipped/>
  </testcase> <!-- test9 -->
  <system-out/>
  <testcase classname="TestCases.HomePageTest" name="test8">
    <skipped/>
  </testcase> <!-- test8 -->
  <system-out/>
  <testcase classname="TestCases.HomePageTest" name="test3">
    <skipped/>
  </testcase> <!-- test3 -->
  <system-out/>
  <testcase classname="TestCases.HomePageTest" name="test2">
    <skipped/>
  </testcase> <!-- test2 -->
  <system-out/>
  <testcase classname="TestCases.HomePageTest" name="test5">
    <skipped/>
  </testcase> <!-- test5 -->
  <system-out/>
  <testcase classname="TestCases.HomePageTest" name="test4">
    <skipped/>
  </testcase> <!-- test4 -->
  <system-out/>
  <testcase classname="TestCases.HomePageTest" name="test7">
    <skipped/>
  </testcase> <!-- test7 -->
  <system-out/>
  <testcase classname="TestCases.HomePageTest" name="test12">
    <skipped/>
  </testcase> <!-- test12 -->
  <system-out/>
  <testcase classname="TestCases.HomePageTest" name="test11">
    <skipped/>
  </testcase> <!-- test11 -->
  <system-out/>
  <testcase classname="TestCases.HomePageTest" name="test16">
    <skipped/>
  </testcase> <!-- test16 -->
  <system-out/>
  <testcase classname="TestCases.HomePageTest" name="test13">
    <skipped/>
  </testcase> <!-- test13 -->
  <system-out/>
  <testcase classname="TestCases.HomePageTest" name="test10">
    <skipped/>
  </testcase> <!-- test10 -->
  <system-out/>
  <testcase classname="TestCases.HomePageTest" name="test15">
    <skipped/>
  </testcase> <!-- test15 -->
  <system-out/>
  <testcase classname="TestCases.HomePageTest" name="test1">
    <skipped/>
  </testcase> <!-- test1 -->
  <system-out/>
  <testcase classname="TestCases.HomePageTest" name="test17">
    <skipped/>
  </testcase> <!-- test17 -->
  <system-out/>
  <testcase classname="TestCases.HomePageTest" name="test14">
    <skipped/>
  </testcase> <!-- test14 -->
  <system-out/>
</testsuite> <!-- TestCases.HomePageTest -->
