<?xml version="1.0" encoding="UTF-8"?>
<!-- Generated by org.testng.reporters.JUnitReportReporter -->
<testsuite hostname="LAPTOP-5QGPLEU9" failures="0" tests="1" name="NewTest" time="0.006" errors="0" timestamp="2022-05-25T09:51:42 EDT" skipped="0">
  <testcase classname="NewTest" name="f" time="0.006"/>
  <system-out/>
</testsuite> <!-- NewTest -->
