<?xml version="1.0" encoding="UTF-8"?>
<!-- Generated by org.testng.reporters.JUnitReportReporter -->
<testsuite hostname="LAPTOP-5QGPLEU9" failures="0" tests="1" name="homepage.TestNgTest" time="0.005" errors="0" timestamp="2022-05-24T16:27:33 EDT" skipped="0">
  <testcase classname="homepage.TestNgTest" name="Test5" time="0.005"/>
  <system-out/>
</testsuite> <!-- homepage.TestNgTest -->
